2022-06-16 12:30:01:301 - [32minfo[39m [32mA aplicação estar funcionado na porta 3000[39m
2022-06-16 12:30:26:3026 - [32minfo[39m [32mA aplicação estar funcionado na porta 3000[39m
2022-06-16 12:34:41:3441 - [32minfo[39m [32mConexão estabelecida!![39m
2022-06-16 12:34:41:3441 - [32minfo[39m [32mA aplicação estar funcionado na porta 3000[39m
2022-06-16 12:35:03:353 - [32minfo[39m [32mConexão estabelecida!![39m
2022-06-16 12:35:03:353 - [32minfo[39m [32mA aplicação estar funcionado na porta 3000[39m
2022-06-16 12:35:32:3532 - [31merror[39m [31mNão foi possível conectar ao banco de dados[39m
2022-06-16 12:35:32:3532 - [31merror[39m [31mbad auth : Authentication failed.[39m
2022-06-16 12:35:32:3532 - [32minfo[39m [32mA aplicação estar funcionado na porta 3000[39m
2022-06-16 12:36:01:361 - [32minfo[39m [32mConexão estabelecida!![39m
2022-06-16 12:36:01:361 - [32minfo[39m [32mA aplicação estar funcionado na porta 3000[39m
2022-06-16 12:38:16:3816 - [32minfo[39m [32mConexão estabelecida!![39m
2022-06-16 12:38:16:3816 - [32minfo[39m [32mA aplicação estar funcionado na porta 3000[39m
2022-06-16 12:38:33:3833 - [31merror[39m [31mNão foi possível conectar ao banco de dados[39m
2022-06-16 12:39:29:3929 - [31merror[39m [31mNão foi possível conectar ao banco de dados[39m
2022-06-16 13:42:41:4241 - [31merror[39m [31mNão foi possível conectar ao banco de dados[39m
2022-06-16 13:52:13:5213 - [32minfo[39m [32mConexão estabelecida!![39m
2022-06-16 13:52:13:5213 - [32minfo[39m [32mA aplicação estar funcionado na porta 3000[39m
2022-06-16 13:54:09:549 - [32minfo[39m [32mConexão estabelecida!![39m
2022-06-16 13:54:09:549 - [32minfo[39m [32mA aplicação estar funcionado na porta 3000[39m
2022-06-16 13:54:09:549 - [32minfo[39m [32mlocalhost:3000/ 3000[39m
2022-06-16 13:54:25:5425 - [32minfo[39m [32mConexão estabelecida!![39m
2022-06-16 13:54:25:5425 - [32minfo[39m [32mA aplicação estar funcionado na porta 3000[39m
2022-06-16 13:54:25:5425 - [32minfo[39m [32mlocalhost:3000/[39m
2022-06-16 13:54:53:5453 - [32minfo[39m [32mConexão estabelecida!![39m
2022-06-16 13:54:53:5453 - [32minfo[39m [32mA aplicação estar funcionado na porta 3000[39m
2022-06-16 13:54:53:5453 - [32minfo[39m [32mhttp://localhost:3000/[39m
2022-06-16 13:55:00:550 - [35mhttp[39m [35mGET / 404 139 - 12.768 ms[39m
[35m[39m
2022-06-16 13:55:26:5526 - [32minfo[39m [32mConexão estabelecida!![39m
2022-06-16 13:55:26:5526 - [32minfo[39m [32mA aplicação estar funcionado na porta 3000[39m
2022-06-16 13:55:26:5526 - [32minfo[39m [32mhttp://localhost:3000/api/[39m
2022-06-16 13:55:34:5534 - [35mhttp[39m [35mGET /api/ 404 143 - 9.250 ms[39m
[35m[39m
2022-06-16 13:55:46:5546 - [35mhttp[39m [35mGET /favicon.ico 404 150 - 1.524 ms[39m
[35m[39m
2022-06-16 13:56:50:5650 - [35mhttp[39m [35mGET / 404 139 - 0.635 ms[39m
[35m[39m
2022-06-16 13:57:16:5716 - [35mhttp[39m [35mGET /api/ 404 143 - 2.063 ms[39m
[35m[39m
2022-06-16 14:06:33:633 - [32minfo[39m [32mConexão estabelecida!![39m
2022-06-16 14:06:33:633 - [32minfo[39m [32mA aplicação estar funcionado na porta 3000[39m
2022-06-16 14:06:33:633 - [32minfo[39m [32mhttp://localhost:3000/api/[39m
2022-06-16 14:08:01:81 - [32minfo[39m [32mConexão estabelecida!![39m
2022-06-16 14:08:01:81 - [32minfo[39m [32mA aplicação estar funcionado na porta 3000[39m
2022-06-16 14:08:01:81 - [32minfo[39m [32mhttp://localhost:3000/api/[39m
2022-06-16 14:08:24:824 - [32minfo[39m [32mConexão estabelecida!![39m
2022-06-16 14:08:24:824 - [32minfo[39m [32mA aplicação estar funcionado na porta 3000[39m
2022-06-16 14:08:24:824 - [32minfo[39m [32mhttp://localhost:3000/api/[39m
2022-06-16 14:14:49:1449 - [32minfo[39m [32mConexão estabelecida!![39m
2022-06-16 14:14:49:1449 - [32minfo[39m [32mA aplicação estar funcionado na porta 3000[39m
2022-06-16 14:14:49:1449 - [32minfo[39m [32mhttp://localhost:3000/api/[39m
2022-06-16 14:15:13:1513 - [35mhttp[39m [35mGET /api/error 404 148 - 6.016 ms[39m
[35m[39m
2022-06-16 14:18:47:1847 - [32minfo[39m [32mConexão estabelecida!![39m
2022-06-16 14:18:47:1847 - [32minfo[39m [32mA aplicação estar funcionado na porta 3000[39m
2022-06-16 14:18:47:1847 - [32minfo[39m [32mhttp://localhost:3000/api/[39m
2022-06-16 14:23:49:2349 - [32minfo[39m [32mConexão estabelecida!![39m
2022-06-16 14:23:49:2349 - [32minfo[39m [32mA aplicação estar funcionado na porta 3000[39m
2022-06-16 14:23:49:2349 - [32minfo[39m [32mhttp://localhost:3000/api/[39m
2022-06-16 14:26:31:2631 - [32minfo[39m [32mConexão estabelecida!![39m
2022-06-16 14:26:31:2631 - [32minfo[39m [32mA aplicação estar funcionado na porta 3000[39m
2022-06-16 14:26:31:2631 - [32minfo[39m [32mhttp://localhost:3000/api/[39m
2022-06-16 14:27:19:2719 - [32minfo[39m [32mConexão estabelecida!![39m
2022-06-16 14:27:19:2719 - [32minfo[39m [32mA aplicação estar funcionado na porta 3000[39m
2022-06-16 14:27:19:2719 - [32minfo[39m [32mhttp://localhost:3000/api/[39m
2022-06-16 14:27:50:2750 - [32minfo[39m [32mConexão estabelecida!![39m
2022-06-16 14:27:50:2750 - [32minfo[39m [32mA aplicação estar funcionado na porta 3000[39m
2022-06-16 14:27:50:2750 - [32minfo[39m [32mhttp://localhost:3000/api/[39m
2022-06-16 14:28:51:2851 - [32minfo[39m [32mConexão estabelecida!![39m
2022-06-16 14:28:51:2851 - [32minfo[39m [32mA aplicação estar funcionado na porta 3000[39m
2022-06-16 14:28:51:2851 - [32minfo[39m [32mhttp://localhost:3000/api/[39m
2022-06-16 14:28:53:2853 - [35mhttp[39m [35mGET /api/test 200 12 - 9.522 ms[39m
[35m[39m
2022-06-16 14:28:59:2859 - [35mhttp[39m [35mGET /api/test 200 12 - 1.499 ms[39m
[35m[39m
2022-06-16 14:29:35:2935 - [32minfo[39m [32mConexão estabelecida!![39m
2022-06-16 14:29:35:2935 - [32minfo[39m [32mA aplicação estar funcionado na porta 3000[39m
2022-06-16 14:29:35:2935 - [32minfo[39m [32mhttp://localhost:3000/api/[39m
2022-06-16 14:29:40:2940 - [35mhttp[39m [35mGET /api/test 200 12 - 10.056 ms[39m
[35m[39m
2022-06-16 14:29:54:2954 - [32minfo[39m [32mConexão estabelecida!![39m
2022-06-16 14:29:54:2954 - [32minfo[39m [32mA aplicação estar funcionado na porta 3000[39m
2022-06-16 14:29:54:2954 - [32minfo[39m [32mhttp://localhost:3000/api/[39m
