2022-06-16 12:35:32:3532 - [31merror[39m [31mNão foi possível conectar ao banco de dados[39m
2022-06-16 12:35:32:3532 - [31merror[39m [31mbad auth : Authentication failed.[39m
2022-06-16 12:38:33:3833 - [31merror[39m [31mNão foi possível conectar ao banco de dados[39m
2022-06-16 12:39:29:3929 - [31merror[39m [31mNão foi possível conectar ao banco de dados[39m
2022-06-16 13:42:41:4241 - [31merror[39m [31mNão foi possível conectar ao banco de dados[39m
2022-06-17 11:08:38:838 - [31merror[39m [31mNão foi possível conectar ao banco de dados[39m
2022-06-17 11:09:28:928 - [31merror[39m [31mNão foi possível conectar ao banco de dados[39m
2022-06-17 12:06:24:624 - [31merror[39m [31mNo sistema ![39m
[31m[39m
2022-06-17 12:12:15:1215 - [31merror[39m [31mNão foi possível conectar ao banco de dados[39m
2022-06-17 15:00:02:02 - [31merror[39m [31mErro no sistema:[39m
2022-06-17 15:06:46:646 - [31merror[39m [31mErro no sistema:[39m
2022-06-17 15:10:42:1042 - [31merror[39m [31mErro no sistema:[39m
2022-06-17 15:14:48:1448 - [31merror[39m [31mErro no sistema: Cast to ObjectId failed for value "62acb834a0c54c718bee711d1" (type string) at path "_id" for model "Movie"[39m
2022-06-17 15:15:29:1529 - [31merror[39m [31mErro no sistema: Cast to ObjectId failed for value "62acb834a0c54c718bee711de" (type string) at path "_id" for model "Movie"[39m
2022-06-17 15:58:17:5817 - [31merror[39m [31mErro no sistema: Cast to ObjectId failed for value "62acb834a0c54c718bee711de" (type string) at path "_id" for model "Movie"[39m
2022-06-17 15:59:17:5917 - [31merror[39m [31mErro no sistema: Cast to ObjectId failed for value "62acb834a0c54c718bee711de" (type string) at path "_id" for model "Movie"[39m
2022-06-17 18:34:02:342 - [31merror[39m [31mErro no sistema: Cast to ObjectId failed for value "1" (type string) at path "_id" for model "Movie"[39m
2022-06-17 18:36:36:3636 - [31merror[39m [31mErro no sistema: Cast to ObjectId failed for value "1" (type string) at path "_id" for model "Movie"[39m
2022-06-17 18:37:01:371 - [31merror[39m [31m no sistema: Cast to ObjectId failed for value "1" (type string) at path "_id" for model "Movie"[39m
2022-06-17 18:39:10:3910 - [31merror[39m [31m no sistema: Cast to ObjectId failed for value "1" (type string) at path "_id" for model "Movie"[39m
2022-06-17 18:43:37:4337 - [31merror[39m [31m no sistema: Cast to ObjectId failed for value "1" (type string) at path "_id" for model "Movie"[39m
2022-06-17 18:49:45:4945 - [31merror[39m [31mo 62ac9073c20e870c00a3a94c não retornou nenhum resultado![39m
2022-06-17 18:50:34:5034 - [31merror[39m [31mo ID:(62ac9073c20e870c00a3a94c) não retornou nenhum resultado![39m
2022-06-18 12:04:58:458 - [31merror[39m [31mNão foi possível conectar ao banco de dados[39m
2022-06-18 12:06:30:630 - [31merror[39m [31mNão foi possível conectar ao banco de dados[39m
2022-06-18 13:25:48:2548 - [31merror[39m [31mo ID:(62acb834a0c54c718bee711e) não retornou nenhum resultado![39m
2022-06-18 13:25:55:2555 - [31merror[39m [31m no sistema: Cast to ObjectId failed for value "62acb834a0c54c718bee711ef" (type string) at path "_id" for model "Movie"[39m
2022-06-18 13:27:51:2751 - [31merror[39m [31mErro sistema: undefined[39m
2022-06-18 13:28:21:2821 - [31merror[39m [31mo ID:(62acb834a0c54c718bee711e) não retornou nenhum resultado![39m
2022-06-18 13:28:33:2833 - [31merror[39m [31mErro sistema: undefined[39m
2022-06-18 13:30:15:3015 - [31merror[39m [31mErro sistema: undefined[39m
2022-06-18 13:31:13:3113 - [31merror[39m [31mErro sistema: undefined[39m
2022-06-18 13:31:38:3138 - [31merror[39m [31mErro sistema: undefined[39m
2022-06-18 19:07:18:718 - [31merror[39m [31mo ID:(62ac9073c20e870c00a3a94b) não retornou nenhum resultado![39m
2022-06-18 19:07:27:727 - [31merror[39m [31mErro sistema: undefined[39m
2022-06-18 19:10:02:102 - [31merror[39m [31min sistema: Cast to ObjectId failed for value "62ac9073c20e870c00a3a94bl" (type string) at path "_id" for model "Movie"[39m
2022-06-18 19:10:59:1059 - [31merror[39m [31min sistema: Cast to ObjectId failed for value "62ac9073c20e870c00a3a94bl" (type string) at path "_id" for model "Movie"[39m
2022-06-18 21:47:40:4740 - [31merror[39m [31min sistema: Cast to ObjectId failed for value "62ac9073c20e870c00a3a94bl" (type string) at path "_id" for model "Movie"[39m
2022-06-18 21:50:43:5043 - [31merror[39m [31m no sistema: Cast to ObjectId failed for value "62ac9073c20e870c00a3a94bl" (type string) at path "_id" for model "Movie"[39m
2022-06-18 21:50:53:5053 - [31merror[39m [31mo ID:(62ac9073c20e870c00a3a94b) não retornou nenhum resultado![39m
2022-06-18 21:58:46:5846 - [31merror[39m [31m no sistema: Performing an update on the path '_id' would modify the immutable field '_id'[39m
2022-06-18 22:00:21:021 - [31merror[39m [31m no sistema: Performing an update on the path '_id' would modify the immutable field '_id'[39m
2022-06-18 22:03:11:311 - [31merror[39m [31m no sistema: Performing an update on the path '_id' would modify the immutable field '_id'[39m
2022-06-18 22:03:26:326 - [31merror[39m [31m no sistema: Performing an update on the path '_id' would modify the immutable field '_id'[39m
2022-06-18 22:10:39:1039 - [31merror[39m [31mo ID:(62acb524bcc2f8de3b9ae710) não retornou nenhum resultado![39m
2022-06-18 22:15:03:153 - [31merror[39m [31mo ID:(62acb524bcc2f8de3b9ae710) não retornou nenhum resultado![39m
2022-06-18 22:23:42:2342 - [31merror[39m [31morigin update -> o ID:(62acb524bcc2f8de3b9ae710) não retornou nenhum resultado![39m
2022-06-18 22:23:55:2355 - [31merror[39m [31m no sistema: Cast to ObjectId failed for value "62acb524bcc2f8de3b9ae710e" (type string) at path "_id" for model "Movie" -> origin update[39m
2022-06-18 22:24:45:2445 - [31merror[39m [31m no sistema: Cast to ObjectId failed for value "62acb524bcc2f8de3b9ae710e" (type string) at path "_id" for model "Movie" -> origin update[39m
